# JRE version: Java(TM) SE Runtime Environment (8.0_20-b05) (build 1.8.0_20-ea-b05)
# Java VM: Java HotSpot(TM) 64-Bit Server VM (25.20-b05 mixed mode linux-amd64 )
Heap:
 PSYoungGen      total 5632K, used 1716K [0x00007fdfca580000, 0x00007fdfcb080000, 0x00007fdff5000000)
  eden space 4096K, 11% used [0x00007fdfca580000,0x00007fdfca5f8bc0,0x00007fdfca980000)
  from space 1536K, 80% used [0x00007fdfca980000,0x00007fdfcaab4540,0x00007fdfcab00000)
  to   space 1536K, 0% used [0x00007fdfcaf00000,0x00007fdfcaf00000,0x00007fdfcb080000)
 ParOldGen       total 238080K, used 1462K [0x00007fdf75000000, 0x00007fdf83880000, 0x00007fdfca580000)
  object space 238080K, 0% used [0x00007fdf75000000,0x00007fdf7516d878,0x00007fdf83880000)
 Metaspace       used 5744K, capacity 5979K, committed 6144K, reserved 8192K
GC Heap History (10 events):
Event: 0.109 GC heap before
{Heap before GC invocations=3 (full 0):
 PSYoungGen      total 1536K, used 1520K [0x00007fdfca580000, 0x00007fdfca780000, 0x00007fdff5000000)
  eden space 1024K, 100% used [0x00007fdfca580000,0x00007fdfca680000,0x00007fdfca680000)
  from space 512K, 96% used [0x00007fdfca700000,0x00007fdfca77c018,0x00007fdfca780000)
  to   space 512K, 0% used [0x00007fdfca680000,0x00007fdfca680000,0x00007fdfca700000)
 ParOldGen       total 238080K, used 166K [0x00007fdf75000000, 0x00007fdf83880000, 0x00007fdfca580000)
  object space 238080K, 0% used [0x00007fdf75000000,0x00007fdf75029818,0x00007fdf83880000)
 Metaspace       used 3460K, capacity 4311K, committed 4352K, reserved 8192K
Event: 0.110 GC heap after
Heap after GC invocations=3 (full 0):
 PSYoungGen      total 1536K, used 496K [0x00007fdfca580000, 0x00007fdfca880000, 0x00007fdff5000000)
  eden space 1024K, 0% used [0x00007fdfca580000,0x00007fdfca580000,0x00007fdfca680000)
  from space 512K, 96% used [0x00007fdfca680000,0x00007fdfca6fc018,0x00007fdfca700000)
  to   space 512K, 0% used [0x00007fdfca800000,0x00007fdfca800000,0x00007fdfca880000)
 ParOldGen       total 238080K, used 466K [0x00007fdf75000000, 0x00007fdf83880000, 0x00007fdfca580000)
  object space 238080K, 0% used [0x00007fdf75000000,0x00007fdf75074830,0x00007fdf83880000)
 Metaspace       used 3460K, capacity 4311K, committed 4352K, reserved 8192K
}
Event: 0.145 GC heap before
{Heap before GC invocations=4 (full 0):
 PSYoungGen      total 1536K, used 1520K [0x00007fdfca580000, 0x00007fdfca880000, 0x00007fdff5000000)
  eden space 1024K, 100% used [0x00007fdfca580000,0x00007fdfca680000,0x00007fdfca680000)
  from space 512K, 96% used [0x00007fdfca680000,0x00007fdfca6fc018,0x00007fdfca700000)
  to   space 512K, 0% used [0x00007fdfca800000,0x00007fdfca800000,0x00007fdfca880000)
 ParOldGen       total 238080K, used 466K [0x00007fdf75000000, 0x00007fdf83880000, 0x00007fdfca580000)
  object space 238080K, 0% used [0x00007fdf75000000,0x00007fdf75074830,0x00007fdf83880000)
 Metaspace       used 3995K, capacity 4538K, committed 4608K, reserved 8192K
Event: 0.146 GC heap after
Heap after GC invocations=4 (full 0):
 PSYoungGen      total 2560K, used 496K [0x00007fdfca580000, 0x00007fdfca880000, 0x00007fdff5000000)
  eden space 2048K, 0% used [0x00007fdfca580000,0x00007fdfca580000,0x00007fdfca780000)
  from space 512K, 96% used [0x00007fdfca800000,0x00007fdfca87c018,0x00007fdfca880000)
  to   space 512K, 0% used [0x00007fdfca780000,0x00007fdfca780000,0x00007fdfca800000)
 ParOldGen       total 238080K, used 696K [0x00007fdf75000000, 0x00007fdf83880000, 0x00007fdfca580000)
  object space 238080K, 0% used [0x00007fdf75000000,0x00007fdf750ae0d8,0x00007fdf83880000)
 Metaspace       used 3995K, capacity 4538K, committed 4608K, reserved 8192K
}
Event: 0.183 GC heap before
{Heap before GC invocations=5 (full 0):
 PSYoungGen      total 2560K, used 2544K [0x00007fdfca580000, 0x00007fdfca880000, 0x00007fdff5000000)
  eden space 2048K, 100% used [0x00007fdfca580000,0x00007fdfca780000,0x00007fdfca780000)
  from space 512K, 96% used [0x00007fdfca800000,0x00007fdfca87c018,0x00007fdfca880000)
  to   space 512K, 0% used [0x00007fdfca780000,0x00007fdfca780000,0x00007fdfca800000)
 ParOldGen       total 238080K, used 696K [0x00007fdf75000000, 0x00007fdf83880000, 0x00007fdfca580000)
  object space 238080K, 0% used [0x00007fdf75000000,0x00007fdf750ae0d8,0x00007fdf83880000)
 Metaspace       used 4408K, capacity 4922K, committed 5120K, reserved 8192K
Event: 0.186 GC heap after
Heap after GC invocations=5 (full 0):
 PSYoungGen      total 2560K, used 512K [0x00007fdfca580000, 0x00007fdfcac80000, 0x00007fdff5000000)
  eden space 2048K, 0% used [0x00007fdfca580000,0x00007fdfca580000,0x00007fdfca780000)
  from space 512K, 100% used [0x00007fdfca780000,0x00007fdfca800000,0x00007fdfca800000)
  to   space 1536K, 0% used [0x00007fdfcab00000,0x00007fdfcab00000,0x00007fdfcac80000)
 ParOldGen       total 238080K, used 1190K [0x00007fdf75000000, 0x00007fdf83880000, 0x00007fdfca580000)
  object space 238080K, 0% used [0x00007fdf75000000,0x00007fdf75129800,0x00007fdf83880000)
 Metaspace       used 4408K, capacity 4922K, committed 5120K, reserved 8192K
}
Event: 0.223 GC heap before
{Heap before GC invocations=6 (full 0):
 PSYoungGen      total 2560K, used 2560K [0x00007fdfca580000, 0x00007fdfcac80000, 0x00007fdff5000000)
  eden space 2048K, 100% used [0x00007fdfca580000,0x00007fdfca780000,0x00007fdfca780000)
  from space 512K, 100% used [0x00007fdfca780000,0x00007fdfca800000,0x00007fdfca800000)
  to   space 1536K, 0% used [0x00007fdfcab00000,0x00007fdfcab00000,0x00007fdfcac80000)
 ParOldGen       total 238080K, used 1190K [0x00007fdf75000000, 0x00007fdf83880000, 0x00007fdfca580000)
  object space 238080K, 0% used [0x00007fdf75000000,0x00007fdf75129800,0x00007fdf83880000)
 Metaspace       used 4735K, capacity 5178K, committed 5376K, reserved 8192K
Event: 0.226 GC heap after
Heap after GC invocations=6 (full 0):
 PSYoungGen      total 5632K, used 896K [0x00007fdfca580000, 0x00007fdfcac80000, 0x00007fdff5000000)
  eden space 4096K, 0% used [0x00007fdfca580000,0x00007fdfca580000,0x00007fdfca980000)
  from space 1536K, 58% used [0x00007fdfcab00000,0x00007fdfcabe0030,0x00007fdfcac80000)
  to   space 1536K, 0% used [0x00007fdfca980000,0x00007fdfca980000,0x00007fdfcab00000)
 ParOldGen       total 238080K, used 1198K [0x00007fdf75000000, 0x00007fdf83880000, 0x00007fdfca580000)
  object space 238080K, 0% used [0x00007fdf75000000,0x00007fdf7512b800,0x00007fdf83880000)
 Metaspace       used 4735K, capacity 5178K, committed 5376K, reserved 8192K
}
Event: 0.299 GC heap before
{Heap before GC invocations=7 (full 0):
 PSYoungGen      total 5632K, used 4992K [0x00007fdfca580000, 0x00007fdfcac80000, 0x00007fdff5000000)
  eden space 4096K, 100% used [0x00007fdfca580000,0x00007fdfca980000,0x00007fdfca980000)
  from space 1536K, 58% used [0x00007fdfcab00000,0x00007fdfcabe0030,0x00007fdfcac80000)
  to   space 1536K, 0% used [0x00007fdfca980000,0x00007fdfca980000,0x00007fdfcab00000)
 ParOldGen       total 238080K, used 1198K [0x00007fdf75000000, 0x00007fdf83880000, 0x00007fdfca580000)
  object space 238080K, 0% used [0x00007fdf75000000,0x00007fdf7512b800,0x00007fdf83880000)
 Metaspace       used 5652K, capacity 5907K, committed 6144K, reserved 8192K
Event: 0.302 GC heap after
Heap after GC invocations=7 (full 0):
 PSYoungGen      total 5632K, used 1233K [0x00007fdfca580000, 0x00007fdfcb080000, 0x00007fdff5000000)
  eden space 4096K, 0% used [0x00007fdfca580000,0x00007fdfca580000,0x00007fdfca980000)
  from space 1536K, 80% used [0x00007fdfca980000,0x00007fdfcaab4540,0x00007fdfcab00000)
  to   space 1536K, 0% used [0x00007fdfcaf00000,0x00007fdfcaf00000,0x00007fdfcb080000)
 ParOldGen       total 238080K, used 1462K [0x00007fdf75000000, 0x00007fdf83880000, 0x00007fdfca580000)
  object space 238080K, 0% used [0x00007fdf75000000,0x00007fdf7516d878,0x00007fdf83880000)
 Metaspace       used 5652K, capacity 5907K, committed 6144K, reserved 8192K
}

